<?xml version="1.0" encoding="UTF-8"?>
<testng-results skipped="0" failed="0" total="2" passed="2">
  <reporter-output>
    <line>
      <![CDATA[1 Init test run]]>
    </line>
    <line>
      <![CDATA[1 Run Tests]]>
    </line>
    <line>
      <![CDATA[1 Download driver: chrome X32]]>
    </line>
    <line>
      <![CDATA[1 Login as User(name:elanium@gmail.com; password:123Laina) (LoginForm 'Login Form' (.loginForm; No locator))]]>
    </line>
    <line>
      <![CDATA[0 Done]]>
    </line>
    <line>
      <![CDATA[1 Check that page url equals to 'https://www.strava.com/dashboard']]>
    </line>
    <line>
      <![CDATA[1 Check that page url matches to 'https://www.strava.com/dashboard']]>
    </line>
    <line>
      <![CDATA[1 Check that page url contains to 'https://www.strava.com/dashboard']]>
    </line>
    <line>
      <![CDATA[1 Check that page title equals to '']]>
    </line>
    <line>
      <![CDATA[1 Check that page title matches to '']]>
    </line>
    <line>
      <![CDATA[1 Check that page title contains to '']]>
    </line>
    <line>
      <![CDATA[1 Login as User(name:123; password:123) (LoginForm 'Login Form' (.loginForm; No locator))]]>
    </line>
    <line>
      <![CDATA[0 Done]]>
    </line>
    <line>
      <![CDATA[1 Check that page url equals to 'https://www.strava.com/login']]>
    </line>
    <line>
      <![CDATA[1 Check that page url matches to 'https://www.strava.com/login']]>
    </line>
    <line>
      <![CDATA[1 Check that page url contains to 'https://www.strava.com/login']]>
    </line>
    <line>
      <![CDATA[1 Check that page title equals to '']]>
    </line>
    <line>
      <![CDATA[1 Check that page title matches to '']]>
    </line>
    <line>
      <![CDATA[1 Check that page title contains to '']]>
    </line>
    <line>
      <![CDATA[1 Test run finished. 
Total test run time: 00:00:15.0]]>
    </line>
  </reporter-output>
  <suite name="Default suite" duration-ms="14853" started-at="2019-01-03T17:19:30Z" finished-at="2019-01-03T17:19:45Z">
    <groups>
    </groups>
    <test name="Default test" duration-ms="14853" started-at="2019-01-03T17:19:30Z" finished-at="2019-01-03T17:19:45Z">
      <class name="org.mytests.tests.example.SimpleTest">
        <test-method status="PASS" signature="jdiSetUp()[pri:0, instance:org.mytests.tests.example.SimpleTest@498d318c]" name="jdiSetUp" is-config="true" duration-ms="466" started-at="2019-01-03T20:19:29Z" finished-at="2019-01-03T20:19:30Z">
          <reporter-output>
            <line>
              <![CDATA[1 Init test run]]>
            </line>
          </reporter-output>
        </test-method> <!-- jdiSetUp -->
        <test-method status="PASS" signature="setUp()[pri:0, instance:org.mytests.tests.example.SimpleTest@498d318c]" name="setUp" is-config="true" duration-ms="71" started-at="2019-01-03T20:19:30Z" depends-on-methods="com.epam.jdi.uitests.web.testng.testRunner.TestNGBase.jdiSetUp" finished-at="2019-01-03T20:19:30Z">
          <reporter-output>
            <line>
              <![CDATA[1 Run Tests]]>
            </line>
          </reporter-output>
        </test-method> <!-- setUp -->
        <test-method status="PASS" signature="loginTest()[pri:0, instance:org.mytests.tests.example.SimpleTest@498d318c]" name="loginTest" duration-ms="11632" started-at="2019-01-03T20:19:30Z" finished-at="2019-01-03T20:19:41Z">
          <reporter-output>
            <line>
              <![CDATA[1 Download driver: chrome X32]]>
            </line>
            <line>
              <![CDATA[1 Login as User(name:elanium@gmail.com; password:123Laina) (LoginForm 'Login Form' (.loginForm; No locator))]]>
            </line>
            <line>
              <![CDATA[0 Done]]>
            </line>
            <line>
              <![CDATA[1 Check that page url equals to 'https://www.strava.com/dashboard']]>
            </line>
            <line>
              <![CDATA[1 Check that page url matches to 'https://www.strava.com/dashboard']]>
            </line>
            <line>
              <![CDATA[1 Check that page url contains to 'https://www.strava.com/dashboard']]>
            </line>
            <line>
              <![CDATA[1 Check that page title equals to '']]>
            </line>
            <line>
              <![CDATA[1 Check that page title matches to '']]>
            </line>
            <line>
              <![CDATA[1 Check that page title contains to '']]>
            </line>
          </reporter-output>
        </test-method> <!-- loginTest -->
        <test-method status="PASS" signature="wrongLoginTest()[pri:0, instance:org.mytests.tests.example.SimpleTest@498d318c]" name="wrongLoginTest" duration-ms="3201" started-at="2019-01-03T20:19:41Z" finished-at="2019-01-03T20:19:45Z">
          <reporter-output>
            <line>
              <![CDATA[1 Login as User(name:123; password:123) (LoginForm 'Login Form' (.loginForm; No locator))]]>
            </line>
            <line>
              <![CDATA[0 Done]]>
            </line>
            <line>
              <![CDATA[1 Check that page url equals to 'https://www.strava.com/login']]>
            </line>
            <line>
              <![CDATA[1 Check that page url matches to 'https://www.strava.com/login']]>
            </line>
            <line>
              <![CDATA[1 Check that page url contains to 'https://www.strava.com/login']]>
            </line>
            <line>
              <![CDATA[1 Check that page title equals to '']]>
            </line>
            <line>
              <![CDATA[1 Check that page title matches to '']]>
            </line>
            <line>
              <![CDATA[1 Check that page title contains to '']]>
            </line>
          </reporter-output>
        </test-method> <!-- wrongLoginTest -->
        <test-method status="PASS" signature="tearDown()[pri:0, instance:org.mytests.tests.example.SimpleTest@498d318c]" name="tearDown" is-config="true" duration-ms="6" started-at="2019-01-03T20:19:45Z" finished-at="2019-01-03T20:19:45Z">
          <reporter-output>
          </reporter-output>
        </test-method> <!-- tearDown -->
        <test-method status="PASS" signature="jdiTearDown()[pri:0, instance:org.mytests.tests.example.SimpleTest@498d318c]" name="jdiTearDown" is-config="true" duration-ms="30" started-at="2019-01-03T20:19:45Z" depends-on-methods="org.mytests.tests.example.TestsInit.tearDown" finished-at="2019-01-03T20:19:45Z">
          <reporter-output>
            <line>
              <![CDATA[1 Test run finished. 
Total test run time: 00:00:15.0]]>
            </line>
          </reporter-output>
        </test-method> <!-- jdiTearDown -->
      </class> <!-- org.mytests.tests.example.SimpleTest -->
    </test> <!-- Default test -->
  </suite> <!-- Default suite -->
</testng-results>
